<?xml version="1.0" encoding="UTF-8"?>
<!-- Generated by org.testng.reporters.JUnitReportReporter -->
<testsuite hostname="DESKTOP-R3L1OR4" failures="0" tests="3" name="com.nopcommerce.user.Level21_DataDrivenModel" time="8.280" errors="0" timestamp="19 Nov 2022 05:35:36 GMT" skipped="0">
  <testcase classname="com.nopcommerce.user.Level21_DataDrivenModel" name="User_03_MyAccount" time="0.085"/>
  <testcase classname="com.nopcommerce.user.Level21_DataDrivenModel" name="User_02_Login" time="2.239"/>
  <testcase classname="com.nopcommerce.user.Level21_DataDrivenModel" name="User_01_Register" time="5.956"/>
</testsuite> <!-- com.nopcommerce.user.Level21_DataDrivenModel -->
